#
# A fatal error has been detected by the Java Runtime Environment:
#
#  EXCEPTION_ACCESS_VIOLATION (0xc0000005) at pc=0x000000006cd36fa8, pid=2872, tid=0x0000000000001dd8
#
# JRE version: Java(TM) SE Runtime Environment (8.0_151-b12) (build 1.8.0_151-b12)
# Java VM: Java HotSpot(TM) 64-Bit Server VM (25.151-b12 mixed mode windows-amd64 compressed oops)
# Problematic frame:
# V  [jvm.dll+0x466fa8]
#
# Failed to write core dump. Minidumps are not enabled by default on client versions of Windows
#
# If you would like to submit a bug report, please visit:
#   http://bugreport.java.com/bugreport/crash.jsp
#

---------------  T H R E A D  ---------------

Current thread (0x0000000054b4c000):  JavaThread "C2 CompilerThread1" daemon [_thread_in_native, id=7640, stack(0x0000000056b40000,0x0000000056c40000)]

siginfo: ExceptionCode=0xc0000005, reading address 0x00000001b39beb20

Registers:
RAX=0x00000000572a12f0, RBX=0x00000000572a12f0, RCX=0x00000000572a12f0, RDX=0x0000000000040000
RSP=0x0000000056c3c480, RBP=0x0000000056c3c4e0, RSI=0x0000000000000000, RDI=0x0000000056c3c900
R8 =0x0000000056f39f60, R9 =0x0000000000000000, R10=0x0000000000000000, R11=0x000000005961b0b8
R12=0x000000005961b080, R13=0x000000000000752f, R14=0x000000006c8d0000, R15=0x0000000000000000
RIP=0x000000006cd36fa8, EFLAGS=0x0000000000010206

Top of Stack: (sp=0x0000000056c3c480)
0x0000000056c3c480:   000000005903fd70 000000005903fd70
0x0000000056c3c490:   0000000056c3c900 0000000056c3c610
0x0000000056c3c4a0:   00000f4a00000000 0000000000000008
0x0000000056c3c4b0:   000000005921a940 0000000000000017
0x0000000056c3c4c0:   00000000573eb138 0000000000000017
0x0000000056c3c4d0:   000000005903fe10 00000000573ed020
0x0000000056c3c4e0:   ffffffffffffffff 0000000000000000
0x0000000056c3c4f0:   0000000056c3c900 000000006cd37387
0x0000000056c3c500:   000000005961b080 000000005961b080
0x0000000056c3c510:   0000000000098da0 0000000000098da0
0x0000000056c3c520:   00000f4a00000000 0000000000000008
0x0000000056c3c530:   000000005921a940 0000000000000017
0x0000000056c3c540:   00000000573eb138 0000000000000017
0x0000000056c3c550:   000000005903fe10 0000000000000000
0x0000000056c3c560:   00000000560eca58 0000000000000000
0x0000000056c3c570:   00000000000003d8 00000000560ec680 

Instructions: (pc=0x000000006cd36fa8)
0x000000006cd36f88:   8b c1 e9 11 02 00 00 49 63 54 24 24 4c 8b 87 08
0x000000006cd36f98:   01 00 00 41 8b 1c 90 3b da 74 33 8b cb 48 63 c3
0x000000006cd36fa8:   41 8b 1c 80 3b d9 75 f3 3b d3 74 20 66 66 66 66
0x000000006cd36fb8:   0f 1f 84 00 00 00 00 00 48 8b 87 08 01 00 00 48 


Register to memory mapping:

RAX=0x00000000572a12f0 is an unknown value
RBX=0x00000000572a12f0 is an unknown value
RCX=0x00000000572a12f0 is an unknown value
RDX=0x0000000000040000 is an unknown value
RSP=0x0000000056c3c480 is pointing into the stack for thread: 0x0000000054b4c000
RBP=0x0000000056c3c4e0 is pointing into the stack for thread: 0x0000000054b4c000
RSI=0x0000000000000000 is an unknown value
RDI=0x0000000056c3c900 is pointing into the stack for thread: 0x0000000054b4c000
R8 =0x0000000056f39f60 is an unknown value
R9 =0x0000000000000000 is an unknown value
R10=0x0000000000000000 is an unknown value
R11=0x000000005961b0b8 is an unknown value
R12=0x000000005961b080 is an unknown value
R13=0x000000000000752f is an unknown value
R14=0x000000006c8d0000 is an unknown value
R15=0x0000000000000000 is an unknown value


Stack: [0x0000000056b40000,0x0000000056c40000],  sp=0x0000000056c3c480,  free space=1009k
Native frames: (J=compiled Java code, j=interpreted, Vv=VM code, C=native code)
V  [jvm.dll+0x466fa8]
V  [jvm.dll+0x467387]
V  [jvm.dll+0x468ed3]
V  [jvm.dll+0x4740fb]
V  [jvm.dll+0x476a07]
V  [jvm.dll+0x459422]
V  [jvm.dll+0xa5be2]
V  [jvm.dll+0xa651f]
V  [jvm.dll+0x244adf]
V  [jvm.dll+0x29c3ea]
C  [msvcr100.dll+0x21d9f]
C  [msvcr100.dll+0x21e3b]
C  [kernel32.dll+0x159cd]
C  [ntdll.dll+0x2a561]


Current CompileTask:
C2:   1880  682       4       javax.swing.JComponent::repaint (19 bytes)


---------------  P R O C E S S  ---------------

Java Threads: ( => current thread )
  0x0000000056ea1000 JavaThread "Thread-2" [_thread_in_vm, id=7544, stack(0x00000000584e0000,0x00000000585e0000)]
  0x000000000224e000 JavaThread "DestroyJavaVM" [_thread_blocked, id=8108, stack(0x0000000002420000,0x0000000002520000)]
  0x0000000056e0d800 JavaThread "AWT-EventQueue-0" [_thread_in_vm, id=6272, stack(0x0000000057d10000,0x0000000057e10000)]
  0x0000000056e07800 JavaThread "AWT-Windows" daemon [_thread_in_native, id=5632, stack(0x00000000579c0000,0x0000000057ac0000)]
  0x0000000056e07000 JavaThread "AWT-Shutdown" [_thread_blocked, id=7732, stack(0x0000000057690000,0x0000000057790000)]
  0x0000000056e04000 JavaThread "Java2D Disposer" daemon [_thread_blocked, id=3716, stack(0x00000000577b0000,0x00000000578b0000)]
  0x0000000054b4f000 JavaThread "Service Thread" daemon [_thread_blocked, id=7752, stack(0x0000000056cf0000,0x0000000056df0000)]
  0x0000000054b4c800 JavaThread "C1 CompilerThread2" daemon [_thread_blocked, id=5984, stack(0x0000000055ea0000,0x0000000055fa0000)]
=>0x0000000054b4c000 JavaThread "C2 CompilerThread1" daemon [_thread_in_native, id=7640, stack(0x0000000056b40000,0x0000000056c40000)]
  0x00000000560c6800 JavaThread "C2 CompilerThread0" daemon [_thread_in_native, id=3880, stack(0x0000000056970000,0x0000000056a70000)]
  0x00000000560c2800 JavaThread "Attach Listener" daemon [_thread_blocked, id=8068, stack(0x00000000566e0000,0x00000000567e0000)]
  0x0000000054b48000 JavaThread "Signal Dispatcher" daemon [_thread_blocked, id=4068, stack(0x00000000564e0000,0x00000000565e0000)]
  0x0000000054b29800 JavaThread "Finalizer" daemon [_thread_blocked, id=7504, stack(0x0000000055fc0000,0x00000000560c0000)]
  0x0000000054ae2800 JavaThread "Reference Handler" daemon [_thread_blocked, id=5412, stack(0x0000000055da0000,0x0000000055ea0000)]

Other Threads:
  0x0000000054ada800 VMThread [stack: 0x0000000055bd0000,0x0000000055cd0000] [id=7452]
  0x0000000056191800 WatcherThread [stack: 0x0000000056840000,0x0000000056940000] [id=5828]

VM state:not at safepoint (normal execution)

VM Mutex/Monitor currently owned by a thread: None

Heap:
 PSYoungGen      total 17408K, used 3877K [0x00000000ecf00000, 0x00000000ee200000, 0x0000000100000000)
  eden space 15360K, 13% used [0x00000000ecf00000,0x00000000ed10d218,0x00000000ede00000)
  from space 2048K, 86% used [0x00000000ede00000,0x00000000edfbc510,0x00000000ee000000)
  to   space 2048K, 0% used [0x00000000ee000000,0x00000000ee000000,0x00000000ee200000)
 ParOldGen       total 39936K, used 16K [0x00000000c6c00000, 0x00000000c9300000, 0x00000000ecf00000)
  object space 39936K, 0% used [0x00000000c6c00000,0x00000000c6c04000,0x00000000c9300000)
 Metaspace       used 9063K, capacity 9266K, committed 9344K, reserved 1056768K
  class space    used 1038K, capacity 1125K, committed 1152K, reserved 1048576K

Card table byte_map: [0x0000000002250000,0x0000000002420000] byte_map_base: 0x0000000001c1a000

Marking Bits: (ParMarkBitMap*) 0x000000006d0ed850
 Begin Bits: [0x00000000122e0000, 0x0000000013130000)
 End Bits:   [0x0000000013130000, 0x0000000013f80000)

Polling page: 0x0000000000230000

CodeCache: size=245760Kb used=3184Kb max_used=3196Kb free=242575Kb
 bounds [0x00000000027f0000, 0x0000000002b20000, 0x00000000117f0000]
 total_blobs=1298 nmethods=858 adapters=353
 compilation: enabled

Compilation events (10 events):
Event: 1.759 Thread 0x00000000560c6800  761       4       javax.swing.SwingUtilities::computeIntersection (189 bytes)
Event: 1.761 Thread 0x00000000560c6800 nmethod 761 0x0000000002af1790 code [0x0000000002af18c0, 0x0000000002af19b8]
Event: 1.761 Thread 0x00000000560c6800  758       4       java.awt.EventQueue::eventToCacheIndex (80 bytes)
Event: 1.762 Thread 0x00000000560c6800 nmethod 758 0x0000000002af1490 code [0x0000000002af15e0, 0x0000000002af16b8]
Event: 1.762 Thread 0x00000000560c6800  797       4       javax.swing.RepaintManager::updateWindows (161 bytes)
Event: 1.766 Thread 0x0000000054b4c800  847       3       sun.java2d.pipe.DrawImage::blitSurfaceData (145 bytes)
Event: 1.770 Thread 0x0000000054b4c800 nmethod 847 0x0000000002af2c10 code [0x0000000002af2e40, 0x0000000002af3ff8]
Event: 1.770 Thread 0x0000000054b4c800  850       1       java.awt.Image$1::getSurfaceManager (5 bytes)
Event: 1.770 Thread 0x0000000054b4c800 nmethod 850 0x0000000002af2910 code [0x0000000002af2a60, 0x0000000002af2b70]
Event: 1.770 Thread 0x0000000054b4c800  849   !   3       javax.swing.JComponent::_paintImmediately (891 bytes)

GC Heap History (0 events):
No events

Deoptimization events (10 events):
Event: 1.235 Thread 0x0000000056e0d800 Uncommon trap: reason=speculate_class_check action=maybe_recompile pc=0x0000000002a48844 method=java.awt.EventQueue.eventToCacheIndex(Ljava/awt/AWTEvent;)I @ 68
Event: 1.236 Thread 0x0000000056e0d800 Uncommon trap: reason=unstable_if action=reinterpret pc=0x0000000002a3f398 method=java.security.AccessControlContext.optimize()Ljava/security/AccessControlContext; @ 206
Event: 1.269 Thread 0x0000000056ea1000 Uncommon trap: reason=unstable_if action=reinterpret pc=0x0000000002a41dec method=sun.awt.PostEventQueue.flush()V @ 37
Event: 1.281 Thread 0x0000000056e0d800 Uncommon trap: reason=class_check action=maybe_recompile pc=0x0000000002a56654 method=javax.swing.RepaintManager.collectDirtyComponents(Ljava/util/Map;Ljava/awt/Component;Ljava/util/List;)V @ 157
Event: 1.282 Thread 0x0000000056e0d800 Uncommon trap: reason=class_check action=maybe_recompile pc=0x0000000002a56654 method=javax.swing.RepaintManager.collectDirtyComponents(Ljava/util/Map;Ljava/awt/Component;Ljava/util/List;)V @ 157
Event: 1.282 Thread 0x0000000056e0d800 Uncommon trap: reason=class_check action=maybe_recompile pc=0x0000000002a56654 method=javax.swing.RepaintManager.collectDirtyComponents(Ljava/util/Map;Ljava/awt/Component;Ljava/util/List;)V @ 157
Event: 1.283 Thread 0x0000000056e0d800 Uncommon trap: reason=class_check action=maybe_recompile pc=0x0000000002a56654 method=javax.swing.RepaintManager.collectDirtyComponents(Ljava/util/Map;Ljava/awt/Component;Ljava/util/List;)V @ 157
Event: 1.371 Thread 0x0000000056e0d800 Uncommon trap: reason=unstable_if action=reinterpret pc=0x0000000002a965d0 method=java.awt.Rectangle.isEmpty()Z @ 11
Event: 1.382 Thread 0x0000000056e0d800 Uncommon trap: reason=unstable_if action=reinterpret pc=0x0000000002a3c898 method=javax.swing.SwingUtilities.computeIntersection(IIIILjava/awt/Rectangle;)Ljava/awt/Rectangle; @ 159
Event: 1.429 Thread 0x0000000056e0d800 Uncommon trap: reason=speculate_class_check action=maybe_recompile pc=0x0000000002a48844 method=java.awt.EventQueue.eventToCacheIndex(Ljava/awt/AWTEvent;)I @ 68

Internal exceptions (10 events):
Event: 0.244 Thread 0x000000000224e000 Exception <a 'java/security/PrivilegedActionException'> (0x00000000ecf9c598) thrown at [C:\re\workspace\8-2-build-windows-amd64-cygwin\jdk8u151\9699\hotspot\src\share\vm\prims\jvm.cpp, line 1390]
Event: 0.244 Thread 0x000000000224e000 Exception <a 'java/security/PrivilegedActionException'> (0x00000000ecf9c7a8) thrown at [C:\re\workspace\8-2-build-windows-amd64-cygwin\jdk8u151\9699\hotspot\src\share\vm\prims\jvm.cpp, line 1390]
Event: 0.245 Thread 0x000000000224e000 Exception <a 'java/security/PrivilegedActionException'> (0x00000000ecfed4a0) thrown at [C:\re\workspace\8-2-build-windows-amd64-cygwin\jdk8u151\9699\hotspot\src\share\vm\prims\jvm.cpp, line 1390]
Event: 0.245 Thread 0x000000000224e000 Exception <a 'java/security/PrivilegedActionException'> (0x00000000ecfed6b0) thrown at [C:\re\workspace\8-2-build-windows-amd64-cygwin\jdk8u151\9699\hotspot\src\share\vm\prims\jvm.cpp, line 1390]
Event: 0.252 Thread 0x000000000224e000 Exception <a 'java/io/FileNotFoundException'> (0x00000000ecfefd40) thrown at [C:\re\workspace\8-2-build-windows-amd64-cygwin\jdk8u151\9699\hotspot\src\share\vm\prims\jni.cpp, line 709]
Event: 0.333 Thread 0x000000000224e000 Exception <a 'java/lang/NoSuchFieldError': method resolution failed> (0x00000000ed0bdd20) thrown at [C:\re\workspace\8-2-build-windows-amd64-cygwin\jdk8u151\9699\hotspot\src\share\vm\prims\methodHandles.cpp, line 1146]
Event: 0.338 Thread 0x000000000224e000 Exception <a 'java/lang/NoSuchFieldError': method resolution failed> (0x00000000ed0cb0f0) thrown at [C:\re\workspace\8-2-build-windows-amd64-cygwin\jdk8u151\9699\hotspot\src\share\vm\prims\methodHandles.cpp, line 1146]
Event: 0.453 Thread 0x0000000056e0d800 Exception <a 'java/io/FileNotFoundException'> (0x00000000ed1c3c98) thrown at [C:\re\workspace\8-2-build-windows-amd64-cygwin\jdk8u151\9699\hotspot\src\share\vm\prims\jni.cpp, line 709]
Event: 0.509 Thread 0x0000000056e0d800 Implicit null exception at 0x000000000295c00b to 0x000000000295c1bd
Event: 1.236 Thread 0x0000000056e0d800 Implicit null exception at 0x0000000002a3f1fa to 0x0000000002a3f379

Events (10 events):
Event: 1.371 Thread 0x0000000056e0d800 DEOPT PACKING pc=0x0000000002a965d0 sp=0x0000000057e0dca0
Event: 1.371 Thread 0x0000000056e0d800 DEOPT UNPACKING pc=0x000000000283582a sp=0x0000000057e0dbd8 mode 2
Event: 1.382 Thread 0x0000000056e0d800 Uncommon trap: trap_request=0xffffff65 fr.pc=0x0000000002a3c898
Event: 1.382 Thread 0x0000000056e0d800 DEOPT PACKING pc=0x0000000002a3c898 sp=0x0000000057e0dbe0
Event: 1.382 Thread 0x0000000056e0d800 DEOPT UNPACKING pc=0x000000000283582a sp=0x0000000057e0db78 mode 2
Event: 1.429 Thread 0x0000000056e0d800 Uncommon trap: trap_request=0xffffff76 fr.pc=0x0000000002a48844
Event: 1.429 Thread 0x0000000056e0d800 DEOPT PACKING pc=0x0000000002a48844 sp=0x0000000057e0eab0
Event: 1.429 Thread 0x0000000056e0d800 DEOPT UNPACKING pc=0x000000000283582a sp=0x0000000057e0ea48 mode 2
Event: 1.446 Thread 0x0000000056e0d800 DEOPT PACKING pc=0x0000000002a2f18f sp=0x0000000057e0dc80
Event: 1.446 Thread 0x0000000056e0d800 DEOPT UNPACKING pc=0x000000000283787f sp=0x0000000057e0d990 mode 0


Dynamic libraries:
0x000000013f2e0000 - 0x000000013f317000 	C:\Program Files\Java\jdk1.8.0_151\bin\java.exe
0x0000000077070000 - 0x000000007721a000 	C:\Windows\SYSTEM32\ntdll.dll
0x0000000076e50000 - 0x0000000076f6f000 	C:\Windows\system32\kernel32.dll
0x000007fefcf30000 - 0x000007fefcf9a000 	C:\Windows\system32\KERNELBASE.dll
0x000007fefe0b0000 - 0x000007fefe18b000 	C:\Windows\system32\ADVAPI32.dll
0x000007fefd770000 - 0x000007fefd80f000 	C:\Windows\system32\msvcrt.dll
0x000007feff270000 - 0x000007feff28f000 	C:\Windows\SYSTEM32\sechost.dll
0x000007fefd640000 - 0x000007fefd76d000 	C:\Windows\system32\RPCRT4.dll
0x0000000076f70000 - 0x000000007706a000 	C:\Windows\system32\USER32.dll
0x000007fefef20000 - 0x000007fefef87000 	C:\Windows\system32\GDI32.dll
0x000007feff260000 - 0x000007feff26e000 	C:\Windows\system32\LPK.dll
0x000007fefdfe0000 - 0x000007fefe0aa000 	C:\Windows\system32\USP10.dll
0x000007fefbdd0000 - 0x000007fefbfc4000 	C:\Windows\WinSxS\amd64_microsoft.windows.common-controls_6595b64144ccf1df_6.0.7601.18837_none_fa3b1e3d17594757\COMCTL32.dll
0x000007fefdf60000 - 0x000007fefdfd1000 	C:\Windows\system32\SHLWAPI.dll
0x000007fefd450000 - 0x000007fefd47e000 	C:\Windows\system32\IMM32.DLL
0x000007fefd810000 - 0x000007fefd919000 	C:\Windows\system32\MSCTF.dll
0x000000006dbf0000 - 0x000000006dcc2000 	C:\Program Files\Java\jdk1.8.0_151\jre\bin\msvcr100.dll
0x000000006c8d0000 - 0x000000006d16d000 	C:\Program Files\Java\jdk1.8.0_151\jre\bin\server\jvm.dll
0x000007fef3ef0000 - 0x000007fef3ef9000 	C:\Windows\system32\WSOCK32.dll
0x000007feff330000 - 0x000007feff37d000 	C:\Windows\system32\WS2_32.dll
0x000007fefd160000 - 0x000007fefd168000 	C:\Windows\system32\NSI.dll
0x000007fefa3f0000 - 0x000007fefa42b000 	C:\Windows\system32\WINMM.dll
0x000007fefbb30000 - 0x000007fefbb3c000 	C:\Windows\system32\VERSION.dll
0x0000000077230000 - 0x0000000077237000 	C:\Windows\system32\PSAPI.DLL
0x000000006e530000 - 0x000000006e53f000 	C:\Program Files\Java\jdk1.8.0_151\jre\bin\verify.dll
0x000000006e500000 - 0x000000006e529000 	C:\Program Files\Java\jdk1.8.0_151\jre\bin\java.dll
0x000000006def0000 - 0x000000006df06000 	C:\Program Files\Java\jdk1.8.0_151\jre\bin\zip.dll
0x000007fefe190000 - 0x000007fefef1a000 	C:\Windows\system32\SHELL32.dll
0x000007fefd940000 - 0x000007fefdb43000 	C:\Windows\system32\ole32.dll
0x000007fefcda0000 - 0x000007fefcdaf000 	C:\Windows\system32\profapi.dll
0x000000006d6d0000 - 0x000000006d868000 	C:\Program Files\Java\jdk1.8.0_151\jre\bin\awt.dll
0x000007fefd560000 - 0x000007fefd63a000 	C:\Windows\system32\OLEAUT32.dll
0x000007fefb230000 - 0x000007fefb286000 	C:\Windows\system32\uxtheme.dll
0x000007fefabe0000 - 0x000007fefabf8000 	C:\Windows\system32\dwmapi.dll
0x000007fefcc00000 - 0x000007fefcc0f000 	C:\Windows\system32\CRYPTBASE.dll
0x000007fedaee0000 - 0x000007fedaffd000 	C:\Windows\system32\opengl32.dll
0x000007fef5710000 - 0x000007fef573d000 	C:\Windows\system32\GLU32.dll
0x000007fedb150000 - 0x000007fedb241000 	C:\Windows\system32\DDRAW.dll
0x000007fefa7b0000 - 0x000007fefa7b8000 	C:\Windows\system32\DCIMAN32.dll
0x000007fefdb50000 - 0x000007fefdd27000 	C:\Windows\system32\SETUPAPI.dll
0x000007fefcdf0000 - 0x000007fefce26000 	C:\Windows\system32\CFGMGR32.dll
0x000007fefcdc0000 - 0x000007fefcdda000 	C:\Windows\system32\DEVOBJ.dll
0x000000006de60000 - 0x000000006dea7000 	C:\Program Files\Java\jdk1.8.0_151\jre\bin\fontmanager.dll
0x000000006ded0000 - 0x000000006deea000 	C:\Program Files\Java\jdk1.8.0_151\jre\bin\net.dll
0x000007fefc540000 - 0x000007fefc595000 	C:\Windows\system32\mswsock.dll
0x000007fefc530000 - 0x000007fefc537000 	C:\Windows\System32\wship6.dll
0x000000006deb0000 - 0x000000006dec1000 	C:\Program Files\Java\jdk1.8.0_151\jre\bin\nio.dll
0x000000006de10000 - 0x000000006de52000 	C:\Program Files\Java\jdk1.8.0_151\jre\bin\t2k.dll
0x000007feff290000 - 0x000007feff329000 	C:\Windows\system32\CLBCatQ.DLL
0x000007fee6530000 - 0x000007fee6655000 	C:\Windows\system32\dbghelp.dll

VM Arguments:
jvm_args: -Dfile.encoding=UTF-8 
java_command: car.Car
java_class_path (initial): C:\Users\reham\Documents\NetBeansProjects\car\build\classes
Launcher Type: SUN_STANDARD

Environment Variables:
PATH=C:\Program Files (x86)\Common Files\Oracle\Java\javapath;C:\Program Files\Broadcom\Broadcom 802.11 Network Adapter\Driver;;C:\Program Files (x86)\Intel\iCLS Client\;C:\Program Files\Intel\iCLS Client\;;C:\Windows\system32;C:\Windows;C:\Windows\System32\Wbem;C:\Windows\System32\WindowsPowerShell\v1.0\;C:\Program Files (x86)\Intel\OpenCL SDK\2.0\bin\x86;C:\Program Files (x86)\Intel\OpenCL SDK\2.0\bin\x64;C:\Program Files (x86)\Intel\OpenCL SDK\2.0\bin\x86;C:\Program Files (x86)\Intel\OpenCL SDK\2.0\bin\x64;C:\Program Files\Intel\WiFi\bin\;C:\Program Files\Common Files\Intel\WirelessCommon\;C:\Program Files\Intel\Intel(R) Management Engine Components\DAL;C:\Program Files\Intel\Intel(R) Management Engine Components\IPT;C:\Program Files (x86)\Intel\Intel(R) Management Engine Components\DAL;C:\Program Files (x86)\Intel\Intel(R) Management Engine Components\IPT;C:\Program Files\Lenovo\Bluetooth Software\;C:\Program Files\Lenovo\Bluetooth Software\syswow64;C:\Program Files\Intel\WiFi\bin\;C:\Program Files\Common Files\Intel\WirelessCommon\
USERNAME=reham
OS=Windows_NT
PROCESSOR_IDENTIFIER=Intel64 Family 6 Model 58 Stepping 9, GenuineIntel



---------------  S Y S T E M  ---------------

OS: Windows 7 , 64 bit Build 7601 (6.1.7601.23572)

CPU:total 4 (initial active 4) (2 cores per cpu, 2 threads per core) family 6 model 58 stepping 9, cmov, cx8, fxsr, mmx, sse, sse2, sse3, ssse3, sse4.1, sse4.2, popcnt, avx, clmul, erms, ht, tsc, tscinvbit, tscinv

Memory: 4k page, physical 3745260k(462812k free), swap 7488660k(2302008k free)

vm_info: Java HotSpot(TM) 64-Bit Server VM (25.151-b12) for windows-amd64 JRE (1.8.0_151-b12), built on Sep  5 2017 19:33:46 by "java_re" with MS VC++ 10.0 (VS2010)

time: Mon Apr 20 22:58:52 2020
elapsed time: 1 seconds (0d 0h 0m 1s)

